		     +-------------------+
		     | Система счисления |
+----+-------+          +--------+
|  № | ASCII | 16 | 010 |
+----+-------+----+-----+
|  1 |   П   | CF | 207 |
|  2 |   р   | F0 | 240 |
|  3 |   и   | E8 | 232 |
|  4 |   в   | E2 | 226 |
|  5 |   е   | E5 | 229 |
|  6 |   т   | F2 | 242 |
|  7 |       | 20 | 032 |
|  8 |   м   | EC | 236 |
|  9 |   и   | E8 | 232 |
| 10 |   р   | F0 | 240 |
| 11 |       | 20 | 032 |
| 12 |   (   | 28 | 040 |
| 13 |   н   | ED | 237 |
| 14 |   а   | E0 | 224 |
| 15 |       | 20 | 032 |
| 16 |   к   | EA | 234 |
| 17 |   и   | E8 | 232 |
| 18 |   р   | F0 | 240 |
| 19 |   и   | E8 | 232 |
| 20 |   л   | EB | 235 |
| 21 |   л   | EB | 235 |
| 22 |   и   | E8 | 232 |
| 23 |   ц   | F6 | 246 |
| 24 |   е   | E5 | 229 |
| 25 |   )   | 29 | 041 |
| 26 |   .   | 2E | 046 |
+----+-------+----+-----+